19:10:21 **** Incremental Build of configuration Release for project Client ****
make all 
Building target: Client
Printing size:
"/opt/sloeber//arduinoPlugin/packages/arduino/tools/arm-none-eabi-gcc/4.8.3-2014q1/bin/arm-none-eabi-size" -A "/home/sysadmin/Documents/Projects/CDS/Sensor/Arduino/Client/Release/Client.elf"
/home/sysadmin/Documents/Projects/CDS/Sensor/Arduino/Client/Release/Client.elf  :
section             size        addr
.text              51240           0
.ARM.exidx             8       51240
.data                432   536870912
.bss                4028   536871344
.ARM.attributes       40           0
.comment             128           0
.debug_info       424486           0
.debug_abbrev      38595           0
.debug_loc         62589           0
.debug_aranges      5640           0
.debug_ranges       9968           0
.debug_line        54218           0
.debug_str         57424           0
.debug_frame       18492           0
.stabstr             441           0
Total             727729


Finished building target: Client
 

19:10:21 Build Finished. 0 errors, 0 warnings. (took 263ms)

