17:00:48 **** Incremental Build of configuration Release for project RFID_Controller ****
make all 
Building file: ../RFID_Controller.cpp
Starting C++ compile
"/opt/sloeber//arduinoPlugin/packages/arduino/tools/arm-none-eabi-gcc/4.8.3-2014q1/bin/arm-none-eabi-g++" -mcpu=cortex-m0plus -mthumb -c -g -Os -Wall -Wextra -std=gnu++11 -ffunction-sections -fdata-sections -fno-threadsafe-statics -nostdlib --param max-inline-insns-single=500 -fno-rtti -fno-exceptions -MMD -DF_CPU=48000000L -DARDUINO=10802 -DARDUINO_SAMD_ZERO -DARDUINO_ARCH_SAMD  -D__SAMD21G18A__ -DUSB_VID=0x2341 -DUSB_PID=0x804d -DUSBCON '-DUSB_MANUFACTURER="Arduino LLC"' '-DUSB_PRODUCT="Arduino Zero"' "-I/opt/sloeber//arduinoPlugin/packages/arduino/tools/CMSIS/4.5.0/CMSIS/Include/" "-I/opt/sloeber//arduinoPlugin/packages/arduino/tools/CMSIS-Atmel/1.1.0/CMSIS/Device/ATMEL/"   -I"/opt/sloeber/arduinoPlugin/packages/arduino/hardware/samd/1.6.19/cores/arduino" -I"/home/sysadmin/Documents/RFID_Controller/libraries/PN5180/1.1.0" -I"/opt/sloeber/arduinoPlugin/packages/arduino/hardware/samd/1.6.19/variants/arduino_zero" -I"/opt/sloeber/arduinoPlugin/packages/arduino/hardware/samd/1.6.19/libraries/SPI" -MMD -MP -MF"RFID_Controller.cpp.d" -MT"RFID_Controller.cpp.o" -D__IN_ECLIPSE__=1 -x c++ "../RFID_Controller.cpp"  -o  "RFID_Controller.cpp.o"
Finished building: ../RFID_Controller.cpp
 
Starting combiner
"/opt/sloeber//arduinoPlugin/packages/arduino/tools/arm-none-eabi-gcc/4.8.3-2014q1/bin/arm-none-eabi-gcc"  "-L/home/sysadmin/Documents/RFID_Controller/Release" -Os -Wl,--gc-sections -save-temps  "-T/opt/sloeber//arduinoPlugin/packages/arduino/hardware/samd/1.6.19/variants/arduino_zero/linker_scripts/gcc/flash_without_bootloader.ld" "-Wl,-Map,/home/sysadmin/Documents/RFID_Controller/Release/RFID_Controller.map" --specs=nano.specs --specs=nosys.specs -mcpu=cortex-m0plus -mthumb -Wl,--cref -Wl,--check-sections -Wl,--gc-sections -Wl,--unresolved-symbols=report-all -Wl,--warn-common -Wl,--warn-section-align -o "/home/sysadmin/Documents/RFID_Controller/Release/RFID_Controller.elf"    ./RFID_Controller.cpp.o  ./libraries/SPI/SPI.cpp.o  ./libraries/PN5180/1.1.0/Debug.cpp.o ./libraries/PN5180/1.1.0/PN5180.cpp.o ./libraries/PN5180/1.1.0/PN5180ISO15693.cpp.o  ./core/variant/variant.cpp.o   -Wl,--start-group "-L/opt/sloeber//arduinoPlugin/packages/arduino/tools/CMSIS/4.5.0/CMSIS/Lib/GCC/" -larm_cortexM0l_math -lm  /home/sysadmin/Documents/RFID_Controller/Release/arduino.ar  -Wl,--end-group
Finished building: RFID_Controller.elf
 
Do all objcopy commands
"/opt/sloeber//arduinoPlugin/packages/arduino/tools/arm-none-eabi-gcc/4.8.3-2014q1/bin/arm-none-eabi-objcopy" -O binary  "/home/sysadmin/Documents/RFID_Controller/Release/RFID_Controller.elf" "/home/sysadmin/Documents/RFID_Controller/Release/RFID_Controller.bin"
"/opt/sloeber//arduinoPlugin/packages/arduino/tools/arm-none-eabi-gcc/4.8.3-2014q1/bin/arm-none-eabi-objcopy" -O ihex -R .eeprom  "/home/sysadmin/Documents/RFID_Controller/Release/RFID_Controller.elf" "/home/sysadmin/Documents/RFID_Controller/Release/RFID_Controller.hex"
Finished building: RFID_Controller.hex
 
Building target: RFID_Controller
Printing size:
"/opt/sloeber//arduinoPlugin/packages/arduino/tools/arm-none-eabi-gcc/4.8.3-2014q1/bin/arm-none-eabi-size" -A "/home/sysadmin/Documents/RFID_Controller/Release/RFID_Controller.elf"
/home/sysadmin/Documents/RFID_Controller/Release/RFID_Controller.elf  :
section             size        addr
.text              17612           0
.data                272   536870912
.bss                2796   536871184
.ARM.attributes       40           0
.comment             128           0
.debug_info       217067           0
.debug_abbrev      19862           0
.debug_loc         33025           0
.debug_aranges      2776           0
.debug_ranges       6120           0
.debug_line        27683           0
.debug_str         39469           0
.debug_frame        8536           0
.stabstr             441           0
Total             375827


Finished building target: RFID_Controller
 
